<?xml version="1.0" encoding="UTF-8"?>
<!-- Generated by org.testng.reporters.JUnitXMLReporter -->
<testsuite hostname="kinsuway-PC" ignored="0" name="Test1" tests="13" failures="0" timestamp="2020-01-07T23:09:01 CST" time="19.84" errors="0">
  <testcase name="testArray" time="0.049" classname="testng.DataProviderTest"/>
  <testcase name="testArray" time="0.002" classname="testng.DataProviderTest"/>
  <testcase name="testArray" time="0.003" classname="testng.DataProviderTest"/>
  <testcase name="testList" time="0.002" classname="testng.DataProviderTest"/>
  <testcase name="testList" time="0.002" classname="testng.DataProviderTest"/>
  <testcase name="testList" time="0.002" classname="testng.DataProviderTest"/>
  <testcase name="testList" time="0.002" classname="testng.DataProviderTest"/>
  <testcase name="testList" time="0.002" classname="testng.DataProviderTest"/>
  <testcase name="testList" time="0.002" classname="testng.DataProviderTest"/>
  <testcase name="testList" time="0.003" classname="testng.DataProviderTest"/>
  <testcase name="testList" time="0.002" classname="testng.DataProviderTest"/>
  <testcase name="testList" time="0.003" classname="testng.DataProviderTest"/>
  <testcase name="testList" time="0.002" classname="testng.DataProviderTest"/>
</testsuite> <!-- Test1 -->
