<?xml version="1.0" encoding="UTF-8"?>
<testng-results skipped="0" failed="0" ignored="0" total="13" passed="13">
  <reporter-output>
  </reporter-output>
  <suite name="Suite" duration-ms="19840" started-at="2020-01-07T23:08:41 CST" finished-at="2020-01-07T23:09:01 CST">
    <groups>
    </groups>
    <test name="Test1" duration-ms="19840" started-at="2020-01-07T23:08:41 CST" finished-at="2020-01-07T23:09:01 CST">
      <class name="testng.ApiTestNg">
        <test-method status="PASS" signature="afterClass()[pri:0, instance:testng.ApiTestNg@657c8ad9]" name="afterClass" is-config="true" duration-ms="19524" started-at="2020-01-07T23:08:41 CST" finished-at="2020-01-07T23:09:01 CST">
          <reporter-output>
          </reporter-output>
        </test-method> <!-- afterClass -->
      </class> <!-- testng.ApiTestNg -->
      <class name="testng.DataProviderTest">
        <test-method status="PASS" signature="testArray(java.lang.Class, java.lang.String, java.lang.String, java.lang.Integer)[pri:0, instance:testng.DataProviderTest@436a4e4b]" name="testArray" duration-ms="49" started-at="2020-01-07T23:09:01 CST" data-provider="param1" finished-at="2020-01-07T23:09:01 CST">
          <params>
            <param index="0">
              <value>
                <![CDATA[class java.util.Vector]]>
              </value>
            </param>
            <param index="1">
              <value>
                <![CDATA[test1]]>
              </value>
            </param>
            <param index="2">
              <value>
                <![CDATA[a]]>
              </value>
            </param>
            <param index="3">
              <value>
                <![CDATA[1]]>
              </value>
            </param>
          </params>
          <reporter-output>
          </reporter-output>
        </test-method> <!-- testArray -->
        <test-method status="PASS" signature="testArray(java.lang.Class, java.lang.String, java.lang.String, java.lang.Integer)[pri:0, instance:testng.DataProviderTest@436a4e4b]" name="testArray" duration-ms="2" started-at="2020-01-07T23:09:01 CST" data-provider="param1" finished-at="2020-01-07T23:09:01 CST">
          <params>
            <param index="0">
              <value>
                <![CDATA[class java.lang.String]]>
              </value>
            </param>
            <param index="1">
              <value>
                <![CDATA[test2]]>
              </value>
            </param>
            <param index="2">
              <value>
                <![CDATA[b]]>
              </value>
            </param>
            <param index="3">
              <value>
                <![CDATA[2]]>
              </value>
            </param>
          </params>
          <reporter-output>
          </reporter-output>
        </test-method> <!-- testArray -->
        <test-method status="PASS" signature="testArray(java.lang.Class, java.lang.String, java.lang.String, java.lang.Integer)[pri:0, instance:testng.DataProviderTest@436a4e4b]" name="testArray" duration-ms="3" started-at="2020-01-07T23:09:01 CST" data-provider="param1" finished-at="2020-01-07T23:09:01 CST">
          <params>
            <param index="0">
              <value>
                <![CDATA[class java.lang.Integer]]>
              </value>
            </param>
            <param index="1">
              <value>
                <![CDATA[test3]]>
              </value>
            </param>
            <param index="2">
              <value>
                <![CDATA[c]]>
              </value>
            </param>
            <param index="3">
              <value>
                <![CDATA[3]]>
              </value>
            </param>
          </params>
          <reporter-output>
          </reporter-output>
        </test-method> <!-- testArray -->
        <test-method status="PASS" signature="testList(com.domain.ParamBean)[pri:0, instance:testng.DataProviderTest@436a4e4b]" name="testList" duration-ms="2" started-at="2020-01-07T23:09:01 CST" data-provider="param" finished-at="2020-01-07T23:09:01 CST">
          <params>
            <param index="0">
              <value>
                <![CDATA[ParamBean{loginname='testName', loginpass='000'}]]>
              </value>
            </param>
          </params>
          <reporter-output>
          </reporter-output>
        </test-method> <!-- testList -->
        <test-method status="PASS" signature="testList(com.domain.ParamBean)[pri:0, instance:testng.DataProviderTest@436a4e4b]" name="testList" duration-ms="2" started-at="2020-01-07T23:09:01 CST" data-provider="param" finished-at="2020-01-07T23:09:01 CST">
          <params>
            <param index="0">
              <value>
                <![CDATA[ParamBean{loginname='testName', loginpass='111'}]]>
              </value>
            </param>
          </params>
          <reporter-output>
          </reporter-output>
        </test-method> <!-- testList -->
        <test-method status="PASS" signature="testList(com.domain.ParamBean)[pri:0, instance:testng.DataProviderTest@436a4e4b]" name="testList" duration-ms="2" started-at="2020-01-07T23:09:01 CST" data-provider="param" finished-at="2020-01-07T23:09:01 CST">
          <params>
            <param index="0">
              <value>
                <![CDATA[ParamBean{loginname='testName', loginpass='222'}]]>
              </value>
            </param>
          </params>
          <reporter-output>
          </reporter-output>
        </test-method> <!-- testList -->
        <test-method status="PASS" signature="testList(com.domain.ParamBean)[pri:0, instance:testng.DataProviderTest@436a4e4b]" name="testList" duration-ms="2" started-at="2020-01-07T23:09:01 CST" data-provider="param" finished-at="2020-01-07T23:09:01 CST">
          <params>
            <param index="0">
              <value>
                <![CDATA[ParamBean{loginname='testName', loginpass='333'}]]>
              </value>
            </param>
          </params>
          <reporter-output>
          </reporter-output>
        </test-method> <!-- testList -->
        <test-method status="PASS" signature="testList(com.domain.ParamBean)[pri:0, instance:testng.DataProviderTest@436a4e4b]" name="testList" duration-ms="2" started-at="2020-01-07T23:09:01 CST" data-provider="param" finished-at="2020-01-07T23:09:01 CST">
          <params>
            <param index="0">
              <value>
                <![CDATA[ParamBean{loginname='testName', loginpass='444'}]]>
              </value>
            </param>
          </params>
          <reporter-output>
          </reporter-output>
        </test-method> <!-- testList -->
        <test-method status="PASS" signature="testList(com.domain.ParamBean)[pri:0, instance:testng.DataProviderTest@436a4e4b]" name="testList" duration-ms="2" started-at="2020-01-07T23:09:01 CST" data-provider="param" finished-at="2020-01-07T23:09:01 CST">
          <params>
            <param index="0">
              <value>
                <![CDATA[ParamBean{loginname='testName', loginpass='555'}]]>
              </value>
            </param>
          </params>
          <reporter-output>
          </reporter-output>
        </test-method> <!-- testList -->
        <test-method status="PASS" signature="testList(com.domain.ParamBean)[pri:0, instance:testng.DataProviderTest@436a4e4b]" name="testList" duration-ms="3" started-at="2020-01-07T23:09:01 CST" data-provider="param" finished-at="2020-01-07T23:09:01 CST">
          <params>
            <param index="0">
              <value>
                <![CDATA[ParamBean{loginname='testName', loginpass='666'}]]>
              </value>
            </param>
          </params>
          <reporter-output>
          </reporter-output>
        </test-method> <!-- testList -->
        <test-method status="PASS" signature="testList(com.domain.ParamBean)[pri:0, instance:testng.DataProviderTest@436a4e4b]" name="testList" duration-ms="2" started-at="2020-01-07T23:09:01 CST" data-provider="param" finished-at="2020-01-07T23:09:01 CST">
          <params>
            <param index="0">
              <value>
                <![CDATA[ParamBean{loginname='testName', loginpass='777'}]]>
              </value>
            </param>
          </params>
          <reporter-output>
          </reporter-output>
        </test-method> <!-- testList -->
        <test-method status="PASS" signature="testList(com.domain.ParamBean)[pri:0, instance:testng.DataProviderTest@436a4e4b]" name="testList" duration-ms="3" started-at="2020-01-07T23:09:01 CST" data-provider="param" finished-at="2020-01-07T23:09:01 CST">
          <params>
            <param index="0">
              <value>
                <![CDATA[ParamBean{loginname='testName', loginpass='888'}]]>
              </value>
            </param>
          </params>
          <reporter-output>
          </reporter-output>
        </test-method> <!-- testList -->
        <test-method status="PASS" signature="testList(com.domain.ParamBean)[pri:0, instance:testng.DataProviderTest@436a4e4b]" name="testList" duration-ms="2" started-at="2020-01-07T23:09:01 CST" data-provider="param" finished-at="2020-01-07T23:09:01 CST">
          <params>
            <param index="0">
              <value>
                <![CDATA[ParamBean{loginname='testName', loginpass='999'}]]>
              </value>
            </param>
          </params>
          <reporter-output>
          </reporter-output>
        </test-method> <!-- testList -->
      </class> <!-- testng.DataProviderTest -->
    </test> <!-- Test1 -->
  </suite> <!-- Suite -->
</testng-results>
