<?xml version="1.0" encoding="UTF-8"?>
<testsuite xmlns:xsi="http://www.w3.org/2001/XMLSchema-instance" xsi:noNamespaceSchemaLocation="https://maven.apache.org/surefire/maven-surefire-plugin/xsd/surefire-test-report.xsd" name="TestSuite" time="21.769" tests="13" errors="0" skipped="0" failures="0">
  <properties>
[...]
</properties>
  <testcase name="testArray" classname="testng.DataProviderTest" time="0.051"/>
  <testcase name="testArray" classname="testng.DataProviderTest" time="0.003"/>
  <testcase name="testArray" classname="testng.DataProviderTest" time="0.002"/>
  <testcase name="testList" classname="testng.DataProviderTest" time="0.002"/>
  <testcase name="testList" classname="testng.DataProviderTest" time="0.002"/>
  <testcase name="testList" classname="testng.DataProviderTest" time="0.003"/>
  <testcase name="testList" classname="testng.DataProviderTest" time="0.002"/>
  <testcase name="testList" classname="testng.DataProviderTest" time="0.002"/>
  <testcase name="testList" classname="testng.DataProviderTest" time="0.002"/>
  <testcase name="testList" classname="testng.DataProviderTest" time="0.002"/>
  <testcase name="testList" classname="testng.DataProviderTest" time="0.002"/>
  <testcase name="testList" classname="testng.DataProviderTest" time="0.003"/>
  <testcase name="testList" classname="testng.DataProviderTest" time="0.002"/>
</testsuite>